a user connected
[0mGET / [36m304 [0m19.487 ms - -[0m
[0mGET /stylesheets/normalize.css [36m304 [0m3.741 ms - -[0m
[0mGET /stylesheets/foundation.css [36m304 [0m3.089 ms - -[0m
[0mGET /foundation-icons/foundation-icons.css [36m304 [0m2.047 ms - -[0m
[0mGET /javascripts/vendor/jquery.js [36m304 [0m1.752 ms - -[0m
[0mGET /stylesheets/emmet.css [36m304 [0m1.656 ms - -[0m
[0mGET /javascripts/foundation.min.js [36m304 [0m0.502 ms - -[0m
[0mGET /javascripts/vendor/qrcode.min.js [36m304 [0m0.592 ms - -[0m
[0mGET /javascripts/vendor/raphael-min.js [36m304 [0m0.291 ms - -[0m
[0mGET /javascripts/spring.js [36m304 [0m0.450 ms - -[0m
[0mGET /foundation-icons/foundation-icons.woff [36m304 [0m0.278 ms - -[0m
a user connected
[0mGET /images/knob_bg.png [36m304 [0m0.486 ms - -[0m
[0mGET /images/gamestick.png [36m304 [0m0.669 ms - -[0m
[0mGET / [36m304 [0m3.174 ms - -[0m
user disconnected
[0mGET /stylesheets/foundation.css [36m304 [0m1.436 ms - -[0m
[0mGET /foundation-icons/foundation-icons.css [36m304 [0m1.297 ms - -[0m
[0mGET /stylesheets/normalize.css [36m304 [0m1.187 ms - -[0m
[0mGET /stylesheets/emmet.css [36m304 [0m0.319 ms - -[0m
[0mGET /javascripts/foundation.min.js [36m304 [0m0.553 ms - -[0m
[0mGET /javascripts/vendor/qrcode.min.js [36m304 [0m0.849 ms - -[0m
[0mGET /javascripts/vendor/jquery.js [36m304 [0m0.707 ms - -[0m
[0mGET /javascripts/spring.js [36m304 [0m1.013 ms - -[0m
[0mGET /javascripts/vendor/raphael-min.js [36m304 [0m2.139 ms - -[0m
a user connected
[0mGET /images/knob_bg.png [36m304 [0m0.473 ms - -[0m
[0mGET /images/gamestick.png [36m304 [0m0.446 ms - -[0m
[0mGET / [36m304 [0m2.495 ms - -[0m
user disconnected
[0mGET /stylesheets/foundation.css [36m304 [0m0.557 ms - -[0m
[0mGET /javascripts/vendor/jquery.js [36m304 [0m1.926 ms - -[0m
[0mGET /foundation-icons/foundation-icons.css [36m304 [0m2.699 ms - -[0m
[0mGET /stylesheets/emmet.css [36m304 [0m2.099 ms - -[0m
[0mGET /stylesheets/normalize.css [36m304 [0m2.303 ms - -[0m
[0mGET /javascripts/foundation.min.js [36m304 [0m0.622 ms - -[0m
[0mGET /javascripts/vendor/qrcode.min.js [36m304 [0m0.424 ms - -[0m
[0mGET /javascripts/vendor/raphael-min.js [36m304 [0m0.320 ms - -[0m
[0mGET /javascripts/spring.js [36m304 [0m0.263 ms - -[0m
a user connected
[0mGET /images/gamestick.png [36m304 [0m0.858 ms - -[0m
[0mGET /images/knob_bg.png [36m304 [0m0.877 ms - -[0m
[0mGET / [36m304 [0m3.197 ms - -[0m
[0mGET /stylesheets/normalize.css [36m304 [0m1.495 ms - -[0m
[0mGET /stylesheets/foundation.css [36m304 [0m1.315 ms - -[0m
[0mGET /foundation-icons/foundation-icons.css [36m304 [0m0.963 ms - -[0m
[0mGET /stylesheets/emmet.css [36m304 [0m2.079 ms - -[0m
[0mGET /javascripts/vendor/jquery.js [36m304 [0m1.718 ms - -[0m
[0mGET /javascripts/foundation.min.js [36m304 [0m0.642 ms - -[0m
[0mGET /javascripts/vendor/qrcode.min.js [36m304 [0m0.680 ms - -[0m
[0mGET /javascripts/vendor/raphael-min.js [36m304 [0m0.446 ms - -[0m
[0mGET /javascripts/spring.js [36m304 [0m0.307 ms - -[0m
[0mGET /foundation-icons/foundation-icons.woff [36m304 [0m0.539 ms - -[0m
a user connected
[0mGET /images/knob_bg.png [36m304 [0m1.112 ms - -[0m
[0mGET /images/gamestick.png [36m304 [0m0.995 ms - -[0m
user disconnected
user disconnected
[0mGET / [32m200 [0m2.825 ms - 9428[0m
[0mGET /stylesheets/normalize.css [32m200 [0m3.289 ms - 7708[0m
[0mGET /stylesheets/emmet.css [32m200 [0m0.999 ms - 1851[0m
[0mGET /foundation-icons/foundation-icons.css [32m200 [0m0.702 ms - 19508[0m
[0mGET /javascripts/vendor/jquery.js [32m200 [0m0.836 ms - 84732[0m
[0mGET /javascripts/vendor/qrcode.min.js [32m200 [0m0.956 ms - 19927[0m
[0mGET /javascripts/foundation.min.js [32m200 [0m0.782 ms - 106144[0m
[0mGET /stylesheets/foundation.css [32m200 [0m1.518 ms - 200341[0m
[0mGET /javascripts/vendor/raphael-min.js [32m200 [0m2.159 ms - 93156[0m
[0mGET /javascripts/spring.js [32m200 [0m1.276 ms - 3047[0m
[0mGET /foundation-icons/foundation-icons.woff [32m200 [0m1.050 ms - 32020[0m
a user connected
[0mGET /images/gamestick.png [32m200 [0m1.652 ms - 57955[0m
[0mGET /images/knob_bg.png [32m200 [0m2.394 ms - 45271[0m
[0mGET /favicon.ico [33m404 [0m4.105 ms - 935[0m
[0mGET / [36m304 [0m1.951 ms - -[0m
user disconnected
[0mGET /stylesheets/normalize.css [36m304 [0m1.997 ms - -[0m
[0mGET /stylesheets/foundation.css [36m304 [0m1.211 ms - -[0m
[0mGET /javascripts/vendor/jquery.js [36m304 [0m1.061 ms - -[0m
[0mGET /foundation-icons/foundation-icons.css [36m304 [0m0.616 ms - -[0m
[0mGET /stylesheets/emmet.css [36m304 [0m0.558 ms - -[0m
[0mGET /javascripts/vendor/raphael-min.js [36m304 [0m0.759 ms - -[0m
[0mGET /javascripts/foundation.min.js [36m304 [0m0.272 ms - -[0m
[0mGET /javascripts/vendor/qrcode.min.js [36m304 [0m0.285 ms - -[0m
[0mGET /javascripts/spring.js [36m304 [0m0.293 ms - -[0m
a user connected
[0mGET /images/knob_bg.png [36m304 [0m0.434 ms - -[0m
[0mGET /images/gamestick.png [36m304 [0m1.048 ms - -[0m
user disconnected
[0mGET / [32m200 [0m1.443 ms - 9428[0m
[0mGET /stylesheets/normalize.css [32m200 [0m1.575 ms - 7708[0m
[0mGET /foundation-icons/foundation-icons.css [32m200 [0m0.445 ms - 19508[0m
[0mGET /javascripts/vendor/qrcode.min.js [32m200 [0m2.756 ms - 19927[0m
[0mGET /javascripts/spring.js [32m200 [0m2.715 ms - 3047[0m
[0mGET /javascripts/vendor/raphael-min.js [32m200 [0m2.831 ms - 93156[0m
[0mGET /stylesheets/emmet.css [32m200 [0m0.685 ms - 1851[0m
[0mGET /stylesheets/foundation.css [32m200 [0m1.130 ms - 200341[0m
[0mGET /foundation-icons/foundation-icons.woff [32m200 [0m0.669 ms - 32020[0m
[0mGET /javascripts/vendor/jquery.js [32m200 [0m1.046 ms - 84732[0m
[0mGET /javascripts/foundation.min.js [32m200 [0m0.910 ms - 106144[0m
a user connected
[0mGET /images/knob_bg.png [32m200 [0m1.076 ms - 45271[0m
[0mGET /images/gamestick.png [32m200 [0m0.864 ms - 57955[0m
user disconnected
[0mGET / [36m304 [0m1.380 ms - -[0m
[0mGET / [32m200 [0m1.331 ms - 9428[0m
[0mGET /stylesheets/foundation.css [36m304 [0m1.344 ms - -[0m
[0mGET /stylesheets/normalize.css [36m304 [0m1.269 ms - -[0m
[0mGET /foundation-icons/foundation-icons.css [36m304 [0m1.141 ms - -[0m
[0mGET /stylesheets/emmet.css [36m304 [0m0.838 ms - -[0m
[0mGET /javascripts/vendor/jquery.js [36m304 [0m0.893 ms - -[0m
[0mGET /javascripts/vendor/qrcode.min.js [36m304 [0m0.953 ms - -[0m
[0mGET /javascripts/foundation.min.js [36m304 [0m0.752 ms - -[0m
[0mGET /javascripts/vendor/raphael-min.js [36m304 [0m1.079 ms - -[0m
[0mGET /javascripts/spring.js [36m304 [0m2.390 ms - -[0m
[0mGET /foundation-icons/foundation-icons.woff [36m304 [0m0.403 ms - -[0m
[0mGET /javascripts/vendor/qrcode.min.js [36m304 [0m0.446 ms - -[0m
[0mGET /javascripts/vendor/raphael-min.js [36m304 [0m0.453 ms - -[0m
a user connected
[0mGET /javascripts/spring.js [36m304 [0m0.403 ms - -[0m
[0mGET /images/knob_bg.png [36m304 [0m2.546 ms - -[0m
[0mGET /images/gamestick.png [36m304 [0m0.732 ms - -[0m
[0mGET / [32m200 [0m1.368 ms - 9428[0m
[0mGET /stylesheets/normalize.css [32m200 [0m0.650 ms - 7708[0m
[0mGET /stylesheets/emmet.css [32m200 [0m1.234 ms - 1851[0m
[0mGET /javascripts/spring.js [32m200 [0m1.359 ms - 3047[0m
[0mGET /foundation-icons/foundation-icons.css [32m200 [0m0.510 ms - 19508[0m
[0mGET /javascripts/vendor/jquery.js [32m200 [0m1.014 ms - 84732[0m
[0mGET /stylesheets/foundation.css [32m200 [0m2.708 ms - 200341[0m
[0mGET /javascripts/vendor/qrcode.min.js [32m200 [0m6.949 ms - 19927[0m
[0mGET /javascripts/foundation.min.js [32m200 [0m2.119 ms - 106144[0m
[0mGET /javascripts/vendor/raphael-min.js [32m200 [0m6.839 ms - 93156[0m
[0mGET /foundation-icons/foundation-icons.woff [32m200 [0m0.743 ms - 32020[0m
a user connected
[0mGET /images/knob_bg.png [32m200 [0m0.654 ms - 45271[0m
[0mGET /images/gamestick.png [32m200 [0m0.486 ms - 57955[0m
user disconnected
[0mGET / [36m304 [0m2.164 ms - -[0m
[0mGET /stylesheets/normalize.css [36m304 [0m3.009 ms - -[0m
[0mGET /stylesheets/foundation.css [36m304 [0m1.966 ms - -[0m
[0mGET /foundation-icons/foundation-icons.css [36m304 [0m1.957 ms - -[0m
[0mGET /stylesheets/emmet.css [36m304 [0m1.503 ms - -[0m
[0mGET /javascripts/vendor/jquery.js [36m304 [0m0.259 ms - -[0m
[0mGET /javascripts/vendor/qrcode.min.js [36m304 [0m1.346 ms - -[0m
[0mGET /javascripts/foundation.min.js [36m304 [0m1.257 ms - -[0m
[0mGET /javascripts/vendor/raphael-min.js [36m304 [0m1.104 ms - -[0m
[0mGET /javascripts/spring.js [36m304 [0m0.527 ms - -[0m
[0mGET /foundation-icons/foundation-icons.woff [36m304 [0m0.449 ms - -[0m
a user connected
[0mGET /images/knob_bg.png [36m304 [0m7.854 ms - -[0m
[0mGET /images/gamestick.png [36m304 [0m5.829 ms - -[0m
user disconnected
user disconnected
a user connected
[0mGET /favicon.ico [33m404 [0m2.278 ms - 935[0m
user disconnected
[0mGET / [32m200 [0m2.032 ms - 9428[0m
[0mGET /stylesheets/normalize.css [32m200 [0m0.789 ms - 7708[0m
[0mGET /stylesheets/emmet.css [32m200 [0m0.383 ms - 1851[0m
[0mGET /foundation-icons/foundation-icons.css [32m200 [0m0.861 ms - 19508[0m
[0mGET /javascripts/vendor/qrcode.min.js [32m200 [0m2.539 ms - 19927[0m
[0mGET /javascripts/foundation.min.js [32m200 [0m0.863 ms - 106144[0m
[0mGET /stylesheets/foundation.css [32m200 [0m0.783 ms - 200341[0m
[0mGET /javascripts/vendor/jquery.js [32m200 [0m0.553 ms - 84732[0m
[0mGET /javascripts/vendor/raphael-min.js [32m200 [0m1.292 ms - 93156[0m
[0mGET /javascripts/spring.js [32m200 [0m0.920 ms - 3047[0m
[0mGET /foundation-icons/foundation-icons.woff [32m200 [0m0.716 ms - 32020[0m
a user connected
[0mGET /images/knob_bg.png [32m200 [0m0.740 ms - 45271[0m
[0mGET /images/gamestick.png [32m200 [0m1.433 ms - 57955[0m
[0mGET /favicon.ico [33m404 [0m1.863 ms - 935[0m
[0mGET / [32m200 [0m1.789 ms - 9428[0m
[0mGET /stylesheets/normalize.css [32m200 [0m1.246 ms - 7708[0m
[0mGET /stylesheets/emmet.css [32m200 [0m0.781 ms - 1851[0m
[0mGET /foundation-icons/foundation-icons.css [32m200 [0m0.362 ms - 19508[0m
[0mGET /javascripts/vendor/qrcode.min.js [32m200 [0m1.174 ms - 19927[0m
[0mGET /javascripts/spring.js [32m200 [0m0.987 ms - 3047[0m
[0mGET /stylesheets/foundation.css [32m200 [0m0.950 ms - 200341[0m
[0mGET /javascripts/vendor/raphael-min.js [32m200 [0m1.059 ms - 93156[0m
[0mGET /javascripts/vendor/jquery.js [32m200 [0m1.127 ms - 84732[0m
[0mGET /javascripts/foundation.min.js [32m200 [0m0.640 ms - 106144[0m
[0mGET /foundation-icons/foundation-icons.woff [32m200 [0m0.531 ms - 32020[0m
a user connected
[0mGET /images/gamestick.png [32m200 [0m0.714 ms - 57955[0m
[0mGET /images/knob_bg.png [32m200 [0m0.445 ms - 45271[0m
user disconnected
[0mGET / [32m200 [0m1.500 ms - 9428[0m
[0mGET /stylesheets/normalize.css [32m200 [0m0.659 ms - 7708[0m
[0mGET /foundation-icons/foundation-icons.css [32m200 [0m0.575 ms - 19508[0m
[0mGET /stylesheets/emmet.css [32m200 [0m0.353 ms - 1851[0m
[0mGET /javascripts/vendor/jquery.js [32m200 [0m0.404 ms - 84732[0m
[0mGET /javascripts/foundation.min.js [32m200 [0m0.430 ms - 106144[0m
[0mGET /javascripts/vendor/qrcode.min.js [32m200 [0m0.732 ms - 19927[0m
[0mGET /stylesheets/foundation.css [32m200 [0m0.436 ms - 200341[0m
[0mGET /javascripts/vendor/raphael-min.js [32m200 [0m0.417 ms - 93156[0m
[0mGET /javascripts/spring.js [32m200 [0m0.843 ms - 3047[0m
[0mGET /foundation-icons/foundation-icons.woff [32m200 [0m0.640 ms - 32020[0m
a user connected
[0mGET /images/knob_bg.png [32m200 [0m0.596 ms - 45271[0m
[0mGET /images/gamestick.png [32m200 [0m0.393 ms - 57955[0m
[0mGET /favicon.ico [33m404 [0m1.340 ms - 935[0m
[0mGET /favicon.ico [33m404 [0m2.192 ms - 935[0m
user disconnected
user disconnected
[0mGET / [36m304 [0m1.427 ms - -[0m
user disconnected
[0mGET /stylesheets/normalize.css [36m304 [0m0.493 ms - -[0m
[0mGET /stylesheets/emmet.css [36m304 [0m0.363 ms - -[0m
[0mGET /stylesheets/foundation.css [36m304 [0m0.264 ms - -[0m
[0mGET /foundation-icons/foundation-icons.css [36m304 [0m0.381 ms - -[0m
[0mGET /javascripts/vendor/jquery.js [36m304 [0m0.253 ms - -[0m
[0mGET /javascripts/foundation.min.js [36m304 [0m0.472 ms - -[0m
[0mGET /javascripts/vendor/qrcode.min.js [36m304 [0m0.279 ms - -[0m
[0mGET /javascripts/vendor/raphael-min.js [36m304 [0m0.270 ms - -[0m
[0mGET /javascripts/spring.js [36m304 [0m0.376 ms - -[0m
[0mGET /foundation-icons/foundation-icons.woff [36m304 [0m0.310 ms - -[0m
a user connected
[0mGET /images/knob_bg.png [36m304 [0m0.769 ms - -[0m
[0mGET /images/gamestick.png [36m304 [0m0.633 ms - -[0m
user disconnected
[0mGET / [32m200 [0m1.367 ms - 9428[0m
[0mGET /stylesheets/normalize.css [32m200 [0m0.668 ms - 7708[0m
[0mGET /foundation-icons/foundation-icons.css [32m200 [0m1.188 ms - 19508[0m
[0mGET /stylesheets/emmet.css [32m200 [0m0.385 ms - 1851[0m
[0mGET /javascripts/vendor/jquery.js [32m200 [0m0.428 ms - 84732[0m
[0mGET /javascripts/foundation.min.js [32m200 [0m0.443 ms - 106144[0m
[0mGET /javascripts/vendor/qrcode.min.js [32m200 [0m0.684 ms - 19927[0m
[0mGET /stylesheets/foundation.css [32m200 [0m0.586 ms - 200341[0m
[0mGET /javascripts/vendor/raphael-min.js [32m200 [0m0.875 ms - 93156[0m
[0mGET /javascripts/spring.js [32m200 [0m0.636 ms - 3047[0m
[0mGET /foundation-icons/foundation-icons.woff [32m200 [0m0.670 ms - 32020[0m
a user connected
[0mGET /images/knob_bg.png [32m200 [0m0.582 ms - 45271[0m
[0mGET /images/gamestick.png [32m200 [0m0.420 ms - 57955[0m
[0mGET /favicon.ico [33m404 [0m2.455 ms - 935[0m
a user connected
user disconnected
a user connected
[0mGET / [32m200 [0m1.340 ms - 9428[0m
[0mGET /stylesheets/normalize.css [32m200 [0m0.664 ms - 7708[0m
[0mGET /foundation-icons/foundation-icons.css [32m200 [0m0.394 ms - 19508[0m
[0mGET /stylesheets/emmet.css [32m200 [0m0.574 ms - 1851[0m
[0mGET /javascripts/vendor/jquery.js [32m200 [0m0.699 ms - 84732[0m
[0mGET /javascripts/vendor/qrcode.min.js [32m200 [0m0.672 ms - 19927[0m
[0mGET /javascripts/foundation.min.js [32m200 [0m0.719 ms - 106144[0m
[0mGET /stylesheets/foundation.css [32m200 [0m0.665 ms - 200341[0m
[0mGET /javascripts/vendor/raphael-min.js [32m200 [0m0.413 ms - 93156[0m
[0mGET /javascripts/spring.js [32m200 [0m1.408 ms - 3047[0m
[0mGET /foundation-icons/foundation-icons.woff [32m200 [0m0.681 ms - 32020[0m
a user connected
[0mGET /images/knob_bg.png [32m200 [0m0.605 ms - 45271[0m
[0mGET /images/gamestick.png [32m200 [0m0.357 ms - 57955[0m
[0mGET /favicon.ico [33m404 [0m2.009 ms - 935[0m
a user connected
[0mGET /favicon.ico [33m404 [0m1.222 ms - 935[0m
user disconnected
user disconnected
[0mGET / [36m304 [0m1.506 ms - -[0m
[0mGET /stylesheets/normalize.css [36m304 [0m0.382 ms - -[0m
[0mGET /stylesheets/foundation.css [36m304 [0m0.404 ms - -[0m
[0mGET /foundation-icons/foundation-icons.css [36m304 [0m0.432 ms - -[0m
[0mGET /stylesheets/emmet.css [36m304 [0m0.256 ms - -[0m
[0mGET /javascripts/vendor/jquery.js [36m304 [0m0.446 ms - -[0m
[0mGET /javascripts/foundation.min.js [36m304 [0m0.317 ms - -[0m
[0mGET /javascripts/vendor/qrcode.min.js [36m304 [0m0.445 ms - -[0m
[0mGET /javascripts/vendor/raphael-min.js [36m304 [0m0.420 ms - -[0m
[0mGET /javascripts/spring.js [36m304 [0m0.989 ms - -[0m
a user connected
[0mGET /images/knob_bg.png [36m304 [0m0.451 ms - -[0m
[0mGET /images/gamestick.png [36m304 [0m0.450 ms - -[0m
[0mGET /foundation-icons/foundation-icons.woff [36m304 [0m0.421 ms - -[0m
user disconnected
user disconnected
a user connected
[0mGET / [36m304 [0m1.692 ms - -[0m
[0mGET /stylesheets/normalize.css [36m304 [0m0.394 ms - -[0m
[0mGET /stylesheets/foundation.css [36m304 [0m0.225 ms - -[0m
[0mGET /foundation-icons/foundation-icons.css [36m304 [0m0.244 ms - -[0m
[0mGET /stylesheets/emmet.css [36m304 [0m0.249 ms - -[0m
[0mGET /javascripts/vendor/jquery.js [36m304 [0m0.270 ms - -[0m
user disconnected
[0mGET /javascripts/foundation.min.js [36m304 [0m0.319 ms - -[0m
[0mGET /javascripts/vendor/qrcode.min.js [36m304 [0m0.268 ms - -[0m
[0mGET /javascripts/vendor/raphael-min.js [36m304 [0m0.411 ms - -[0m
[0mGET /javascripts/spring.js [36m304 [0m0.266 ms - -[0m
a user connected
[0mGET /images/knob_bg.png [36m304 [0m0.442 ms - -[0m
[0mGET /images/gamestick.png [36m304 [0m0.733 ms - -[0m
[0mGET / [36m304 [0m1.370 ms - -[0m
[0mGET /stylesheets/normalize.css [36m304 [0m0.418 ms - -[0m
[0mGET /stylesheets/foundation.css [36m304 [0m0.240 ms - -[0m
[0mGET /foundation-icons/foundation-icons.css [36m304 [0m0.324 ms - -[0m
[0mGET /stylesheets/emmet.css [36m304 [0m0.255 ms - -[0m
[0mGET /javascripts/vendor/jquery.js [36m304 [0m0.250 ms - -[0m
user disconnected
[0mGET /javascripts/foundation.min.js [36m304 [0m0.251 ms - -[0m
[0mGET /javascripts/vendor/qrcode.min.js [36m304 [0m0.240 ms - -[0m
[0mGET /javascripts/vendor/raphael-min.js [36m304 [0m0.258 ms - -[0m
[0mGET /javascripts/spring.js [36m304 [0m0.229 ms - -[0m
a user connected
[0mGET /images/knob_bg.png [36m304 [0m0.405 ms - -[0m
[0mGET /images/gamestick.png [36m304 [0m0.249 ms - -[0m
[0mGET / [36m304 [0m1.358 ms - -[0m
[0mGET /stylesheets/normalize.css [36m304 [0m0.418 ms - -[0m
[0mGET /stylesheets/foundation.css [36m304 [0m0.744 ms - -[0m
[0mGET /foundation-icons/foundation-icons.css [36m304 [0m0.260 ms - -[0m
[0mGET /stylesheets/emmet.css [36m304 [0m0.229 ms - -[0m
[0mGET /javascripts/vendor/jquery.js [36m304 [0m0.260 ms - -[0m
user disconnected
[0mGET /javascripts/foundation.min.js [36m304 [0m0.257 ms - -[0m
[0mGET /javascripts/vendor/qrcode.min.js [36m304 [0m0.305 ms - -[0m
[0mGET /javascripts/vendor/raphael-min.js [36m304 [0m0.666 ms - -[0m
[0mGET /javascripts/spring.js [36m304 [0m0.229 ms - -[0m
a user connected
[0mGET /images/knob_bg.png [36m304 [0m0.344 ms - -[0m
[0mGET /images/gamestick.png [36m304 [0m0.286 ms - -[0m
[0mGET / [36m304 [0m1.505 ms - -[0m
[0mGET /stylesheets/normalize.css [36m304 [0m0.641 ms - -[0m
[0mGET /stylesheets/foundation.css [36m304 [0m0.438 ms - -[0m
[0mGET /stylesheets/emmet.css [36m304 [0m0.340 ms - -[0m
[0mGET /foundation-icons/foundation-icons.css [36m304 [0m0.285 ms - -[0m
[0mGET /javascripts/vendor/jquery.js [36m304 [0m0.286 ms - -[0m
user disconnected
[0mGET /javascripts/foundation.min.js [36m304 [0m0.232 ms - -[0m
[0mGET /javascripts/vendor/qrcode.min.js [36m304 [0m0.260 ms - -[0m
[0mGET /javascripts/vendor/raphael-min.js [36m304 [0m0.246 ms - -[0m
[0mGET /javascripts/spring.js [36m304 [0m0.257 ms - -[0m
a user connected
[0mGET /images/knob_bg.png [36m304 [0m0.395 ms - -[0m
[0mGET /images/gamestick.png [36m304 [0m1.569 ms - -[0m
user disconnected
[0mGET / [36m304 [0m1.398 ms - -[0m
[0mGET /stylesheets/normalize.css [36m304 [0m0.448 ms - -[0m
[0mGET /stylesheets/foundation.css [36m304 [0m0.227 ms - -[0m
[0mGET /foundation-icons/foundation-icons.css [36m304 [0m0.235 ms - -[0m
[0mGET /stylesheets/emmet.css [36m304 [0m0.230 ms - -[0m
[0mGET /javascripts/vendor/jquery.js [36m304 [0m0.241 ms - -[0m
user disconnected
[0mGET /javascripts/foundation.min.js [36m304 [0m0.279 ms - -[0m
[0mGET /javascripts/vendor/qrcode.min.js [36m304 [0m0.996 ms - -[0m
[0mGET /javascripts/vendor/raphael-min.js [36m304 [0m0.237 ms - -[0m
[0mGET /javascripts/spring.js [36m304 [0m0.230 ms - -[0m
a user connected
[0mGET /images/knob_bg.png [36m304 [0m0.387 ms - -[0m
[0mGET /images/gamestick.png [36m304 [0m0.251 ms - -[0m
a user connected
[0mGET / [36m304 [0m1.684 ms - -[0m
[0mGET /stylesheets/normalize.css [36m304 [0m0.395 ms - -[0m
[0mGET /stylesheets/foundation.css [36m304 [0m0.285 ms - -[0m
[0mGET /foundation-icons/foundation-icons.css [36m304 [0m1.519 ms - -[0m
[0mGET /stylesheets/emmet.css [36m304 [0m0.396 ms - -[0m
[0mGET /javascripts/vendor/jquery.js [36m304 [0m0.241 ms - -[0m
user disconnected
[0mGET /javascripts/foundation.min.js [36m304 [0m0.383 ms - -[0m
[0mGET /javascripts/vendor/qrcode.min.js [36m304 [0m0.492 ms - -[0m
[0mGET /javascripts/vendor/raphael-min.js [36m304 [0m0.255 ms - -[0m
[0mGET /javascripts/spring.js [36m304 [0m0.308 ms - -[0m
a user connected
[0mGET /images/knob_bg.png [36m304 [0m0.440 ms - -[0m
[0mGET /images/gamestick.png [36m304 [0m0.241 ms - -[0m
[0mGET / [36m304 [0m1.396 ms - -[0m
[0mGET /stylesheets/normalize.css [36m304 [0m0.383 ms - -[0m
[0mGET /stylesheets/foundation.css [36m304 [0m0.545 ms - -[0m
[0mGET /foundation-icons/foundation-icons.css [36m304 [0m0.319 ms - -[0m
[0mGET /stylesheets/emmet.css [36m304 [0m0.263 ms - -[0m
[0mGET /javascripts/vendor/jquery.js [36m304 [0m0.279 ms - -[0m
user disconnected
[0mGET /javascripts/foundation.min.js [36m304 [0m0.308 ms - -[0m
[0mGET /javascripts/vendor/qrcode.min.js [36m304 [0m0.288 ms - -[0m
[0mGET /javascripts/vendor/raphael-min.js [36m304 [0m0.284 ms - -[0m
[0mGET /javascripts/spring.js [36m304 [0m0.256 ms - -[0m
a user connected
[0mGET /images/knob_bg.png [36m304 [0m0.422 ms - -[0m
[0mGET /images/gamestick.png [36m304 [0m0.249 ms - -[0m
user disconnected
a user connected
[0mGET / [36m304 [0m1.381 ms - -[0m
[0mGET /stylesheets/normalize.css [36m304 [0m0.459 ms - -[0m
[0mGET /stylesheets/foundation.css [36m304 [0m0.238 ms - -[0m
[0mGET /foundation-icons/foundation-icons.css [36m304 [0m0.255 ms - -[0m
[0mGET /stylesheets/emmet.css [36m304 [0m0.225 ms - -[0m
[0mGET /javascripts/vendor/jquery.js [36m304 [0m0.255 ms - -[0m
[0mGET /javascripts/foundation.min.js [36m304 [0m0.277 ms - -[0m
[0mGET /javascripts/vendor/qrcode.min.js [36m304 [0m0.321 ms - -[0m
[0mGET /javascripts/vendor/raphael-min.js [36m304 [0m0.243 ms - -[0m
[0mGET /javascripts/spring.js [36m304 [0m0.224 ms - -[0m
[0mGET /foundation-icons/foundation-icons.woff [36m304 [0m0.399 ms - -[0m
a user connected
[0mGET /images/knob_bg.png [36m304 [0m0.448 ms - -[0m
[0mGET /images/gamestick.png [36m304 [0m0.289 ms - -[0m
[0mGET /favicon.ico [33m404 [0m1.616 ms - 935[0m
[0mGET / [36m304 [0m2.564 ms - -[0m
[0mGET /stylesheets/normalize.css [36m304 [0m0.616 ms - -[0m
[0mGET /stylesheets/foundation.css [36m304 [0m0.406 ms - -[0m
[0mGET /javascripts/vendor/jquery.js [36m304 [0m0.344 ms - -[0m
[0mGET /foundation-icons/foundation-icons.css [36m304 [0m0.276 ms - -[0m
[0mGET /javascripts/foundation.min.js [36m304 [0m0.254 ms - -[0m
[0mGET /javascripts/vendor/qrcode.min.js [36m304 [0m0.232 ms - -[0m
[0mGET /javascripts/vendor/raphael-min.js [36m304 [0m0.234 ms - -[0m
[0mGET /javascripts/spring.js [36m304 [0m0.249 ms - -[0m
[0mGET /stylesheets/emmet.css [36m304 [0m0.255 ms - -[0m
a user connected
[0mGET /images/knob_bg.png [36m304 [0m0.423 ms - -[0m
[0mGET /images/gamestick.png [36m304 [0m0.304 ms - -[0m
[0mGET /foundation-icons/foundation-icons.woff [36m304 [0m0.370 ms - -[0m
a user connected
[0mGET / [36m304 [0m2.080 ms - -[0m
[0mGET /stylesheets/normalize.css [36m304 [0m0.379 ms - -[0m
[0mGET /stylesheets/foundation.css [36m304 [0m0.293 ms - -[0m
[0mGET /foundation-icons/foundation-icons.css [36m304 [0m0.878 ms - -[0m
[0mGET /stylesheets/emmet.css [36m304 [0m0.248 ms - -[0m
[0mGET /javascripts/vendor/jquery.js [36m304 [0m0.278 ms - -[0m
user disconnected
[0mGET /javascripts/foundation.min.js [36m304 [0m0.412 ms - -[0m
[0mGET /javascripts/vendor/qrcode.min.js [36m304 [0m0.252 ms - -[0m
[0mGET /javascripts/vendor/raphael-min.js [36m304 [0m0.240 ms - -[0m
[0mGET /javascripts/spring.js [36m304 [0m0.244 ms - -[0m
a user connected
[0mGET /images/knob_bg.png [36m304 [0m0.391 ms - -[0m
[0mGET /images/gamestick.png [36m304 [0m0.260 ms - -[0m
[0mGET / [36m304 [0m1.371 ms - -[0m
[0mGET /stylesheets/normalize.css [36m304 [0m0.432 ms - -[0m
[0mGET /stylesheets/foundation.css [36m304 [0m0.434 ms - -[0m
[0mGET /foundation-icons/foundation-icons.css [36m304 [0m0.244 ms - -[0m
[0mGET /stylesheets/emmet.css [36m304 [0m0.235 ms - -[0m
[0mGET /javascripts/vendor/jquery.js [36m304 [0m0.361 ms - -[0m
user disconnected
[0mGET /javascripts/foundation.min.js [36m304 [0m0.239 ms - -[0m
[0mGET /javascripts/vendor/qrcode.min.js [36m304 [0m0.237 ms - -[0m
[0mGET /javascripts/vendor/raphael-min.js [36m304 [0m0.227 ms - -[0m
[0mGET /javascripts/spring.js [36m304 [0m0.227 ms - -[0m
a user connected
[0mGET /images/knob_bg.png [36m304 [0m0.422 ms - -[0m
[0mGET /images/gamestick.png [36m304 [0m0.270 ms - -[0m
user disconnected
user disconnected
user disconnected
a user connected
user disconnected
a user connected
a user connected
a user connected
user disconnected
a user connected
user disconnected
a user connected
user disconnected
a user connected
user disconnected
[0mGET / [36m304 [0m1.303 ms - -[0m
[0mGET /stylesheets/normalize.css [36m304 [0m0.438 ms - -[0m
[0mGET /stylesheets/foundation.css [36m304 [0m0.431 ms - -[0m
[0mGET /javascripts/vendor/jquery.js [36m304 [0m0.404 ms - -[0m
[0mGET /javascripts/foundation.min.js [36m304 [0m0.236 ms - -[0m
[0mGET /javascripts/vendor/qrcode.min.js [36m304 [0m0.473 ms - -[0m
[0mGET /javascripts/vendor/raphael-min.js [36m304 [0m0.306 ms - -[0m
[0mGET /javascripts/spring.js [36m304 [0m0.248 ms - -[0m
[0mGET /foundation-icons/foundation-icons.css [36m304 [0m0.442 ms - -[0m
[0mGET /stylesheets/emmet.css [36m304 [0m0.244 ms - -[0m
a user connected
[0mGET /images/knob_bg.png [36m304 [0m0.435 ms - -[0m
[0mGET /images/gamestick.png [36m304 [0m0.311 ms - -[0m
user disconnected
a user connected
user disconnected
[0mGET / [36m304 [0m1.965 ms - -[0m
[0mGET /stylesheets/normalize.css [36m304 [0m0.503 ms - -[0m
[0mGET /stylesheets/foundation.css [36m304 [0m0.390 ms - -[0m
[0mGET /javascripts/vendor/jquery.js [36m304 [0m0.347 ms - -[0m
[0mGET /javascripts/foundation.min.js [36m304 [0m0.242 ms - -[0m
[0mGET /javascripts/vendor/qrcode.min.js [36m304 [0m0.448 ms - -[0m
[0mGET /javascripts/vendor/raphael-min.js [36m304 [0m0.279 ms - -[0m
[0mGET /javascripts/spring.js [36m304 [0m0.297 ms - -[0m
[0mGET /stylesheets/emmet.css [36m304 [0m0.308 ms - -[0m
[0mGET /foundation-icons/foundation-icons.css [36m304 [0m0.450 ms - -[0m
a user connected
[0mGET /images/knob_bg.png [36m304 [0m0.433 ms - -[0m
[0mGET /images/gamestick.png [36m304 [0m0.255 ms - -[0m
user disconnected
a user connected
user disconnected
a user connected
[0mGET / [36m304 [0m1.357 ms - -[0m
[0mGET /stylesheets/normalize.css [36m304 [0m0.373 ms - -[0m
[0mGET /stylesheets/foundation.css [36m304 [0m0.273 ms - -[0m
[0mGET /foundation-icons/foundation-icons.css [36m304 [0m0.244 ms - -[0m
[0mGET /stylesheets/emmet.css [36m304 [0m4.544 ms - -[0m
[0mGET /javascripts/foundation.min.js [36m304 [0m0.261 ms - -[0m
user disconnected
[0mGET /javascripts/vendor/jquery.js [36m304 [0m0.267 ms - -[0m
[0mGET /javascripts/vendor/qrcode.min.js [36m304 [0m0.244 ms - -[0m
[0mGET /javascripts/vendor/raphael-min.js [36m304 [0m0.242 ms - -[0m
[0mGET /javascripts/spring.js [36m304 [0m0.233 ms - -[0m
a user connected
[0mGET /images/knob_bg.png [36m304 [0m0.395 ms - -[0m
[0mGET /images/gamestick.png [36m304 [0m0.231 ms - -[0m
a user connected
[0mGET / [36m304 [0m1.341 ms - -[0m
[0mGET /stylesheets/normalize.css [36m304 [0m0.419 ms - -[0m
[0mGET /stylesheets/foundation.css [36m304 [0m0.225 ms - -[0m
[0mGET /foundation-icons/foundation-icons.css [36m304 [0m0.225 ms - -[0m
[0mGET /stylesheets/emmet.css [36m304 [0m0.239 ms - -[0m
[0mGET /javascripts/vendor/jquery.js [36m304 [0m0.298 ms - -[0m
user disconnected
[0mGET /javascripts/foundation.min.js [36m304 [0m0.241 ms - -[0m
[0mGET /javascripts/vendor/qrcode.min.js [36m304 [0m0.245 ms - -[0m
[0mGET /javascripts/vendor/raphael-min.js [36m304 [0m0.227 ms - -[0m
[0mGET /javascripts/spring.js [36m304 [0m0.222 ms - -[0m
a user connected
[0mGET /images/knob_bg.png [36m304 [0m0.388 ms - -[0m
[0mGET /images/gamestick.png [36m304 [0m0.224 ms - -[0m
user disconnected
[0mGET / [36m304 [0m1.381 ms - -[0m
[0mGET /stylesheets/normalize.css [36m304 [0m0.404 ms - -[0m
[0mGET /stylesheets/foundation.css [36m304 [0m0.222 ms - -[0m
[0mGET /foundation-icons/foundation-icons.css [36m304 [0m0.251 ms - -[0m
[0mGET /stylesheets/emmet.css [36m304 [0m0.454 ms - -[0m
[0mGET /javascripts/vendor/jquery.js [36m304 [0m0.327 ms - -[0m
user disconnected
[0mGET /javascripts/foundation.min.js [36m304 [0m0.238 ms - -[0m
[0mGET /javascripts/vendor/qrcode.min.js [36m304 [0m0.225 ms - -[0m
[0mGET /javascripts/vendor/raphael-min.js [36m304 [0m0.225 ms - -[0m
[0mGET /javascripts/spring.js [36m304 [0m0.235 ms - -[0m
a user connected
[0mGET /images/knob_bg.png [36m304 [0m0.373 ms - -[0m
[0mGET /images/gamestick.png [36m304 [0m0.346 ms - -[0m
a user connected
a user connected
[0mGET / [36m304 [0m1.693 ms - -[0m
[0mGET /stylesheets/normalize.css [36m304 [0m0.409 ms - -[0m
[0mGET /stylesheets/foundation.css [36m304 [0m0.296 ms - -[0m
[0mGET /foundation-icons/foundation-icons.css [36m304 [0m0.244 ms - -[0m
[0mGET /stylesheets/emmet.css [36m304 [0m0.254 ms - -[0m
[0mGET /javascripts/vendor/jquery.js [36m304 [0m0.285 ms - -[0m
user disconnected
[0mGET /javascripts/foundation.min.js [36m304 [0m0.385 ms - -[0m
[0mGET /javascripts/vendor/qrcode.min.js [36m304 [0m0.265 ms - -[0m
[0mGET /javascripts/vendor/raphael-min.js [36m304 [0m0.266 ms - -[0m
[0mGET /javascripts/spring.js [36m304 [0m0.280 ms - -[0m
a user connected
[0mGET /images/knob_bg.png [36m304 [0m0.478 ms - -[0m
[0mGET /images/gamestick.png [36m304 [0m0.258 ms - -[0m
user disconnected
a user connected
a user connected
user disconnected
a user connected
user disconnected
a user connected
[0mGET / [36m304 [0m1.319 ms - -[0m
[0mGET /stylesheets/normalize.css [36m304 [0m1.386 ms - -[0m
[0mGET /stylesheets/foundation.css [36m304 [0m0.279 ms - -[0m
[0mGET /foundation-icons/foundation-icons.css [36m304 [0m0.264 ms - -[0m
[0mGET /stylesheets/emmet.css [36m304 [0m0.250 ms - -[0m
[0mGET /javascripts/vendor/jquery.js [36m304 [0m0.250 ms - -[0m
user disconnected
[0mGET /javascripts/foundation.min.js [36m304 [0m0.221 ms - -[0m
[0mGET /javascripts/vendor/qrcode.min.js [36m304 [0m0.297 ms - -[0m
[0mGET /javascripts/vendor/raphael-min.js [36m304 [0m0.233 ms - -[0m
[0mGET /javascripts/spring.js [36m304 [0m0.250 ms - -[0m
a user connected
[0mGET /images/knob_bg.png [36m304 [0m0.398 ms - -[0m
[0mGET /images/gamestick.png [36m304 [0m0.258 ms - -[0m
user disconnected
a user connected
user disconnected
user disconnected
a user connected
user disconnected
a user connected
user disconnected
a user connected
a user connected
user disconnected
a user connected
user disconnected
user disconnected
a user connected
user disconnected
a user connected
user disconnected
a user connected
user disconnected
a user connected
user disconnected
a user connected
user disconnected
[0mGET / [36m304 [0m2.324 ms - -[0m
[0mGET /stylesheets/normalize.css [36m304 [0m0.486 ms - -[0m
[0mGET /javascripts/vendor/jquery.js [36m304 [0m0.459 ms - -[0m
[0mGET /javascripts/foundation.min.js [36m304 [0m0.562 ms - -[0m
[0mGET /javascripts/vendor/qrcode.min.js [36m304 [0m0.250 ms - -[0m
[0mGET /stylesheets/foundation.css [36m304 [0m0.242 ms - -[0m
[0mGET /javascripts/vendor/raphael-min.js [36m304 [0m0.253 ms - -[0m
[0mGET /javascripts/spring.js [36m304 [0m0.295 ms - -[0m
[0mGET /foundation-icons/foundation-icons.css [36m304 [0m0.267 ms - -[0m
[0mGET /stylesheets/emmet.css [36m304 [0m0.282 ms - -[0m
a user connected
[0mGET /images/knob_bg.png [36m304 [0m0.444 ms - -[0m
[0mGET /images/gamestick.png [36m304 [0m0.275 ms - -[0m
user disconnected
user disconnected
a user connected
[0mGET / [36m304 [0m1.670 ms - -[0m
[0mGET /stylesheets/normalize.css [36m304 [0m0.417 ms - -[0m
[0mGET /stylesheets/foundation.css [36m304 [0m0.240 ms - -[0m
[0mGET /foundation-icons/foundation-icons.css [36m304 [0m0.260 ms - -[0m
[0mGET /stylesheets/emmet.css [36m304 [0m0.240 ms - -[0m
[0mGET /javascripts/vendor/jquery.js [36m304 [0m0.250 ms - -[0m
user disconnected
[0mGET /javascripts/foundation.min.js [36m304 [0m0.223 ms - -[0m
[0mGET /javascripts/vendor/qrcode.min.js [36m304 [0m0.319 ms - -[0m
[0mGET /javascripts/vendor/raphael-min.js [36m304 [0m0.232 ms - -[0m
[0mGET /javascripts/spring.js [36m304 [0m0.232 ms - -[0m
a user connected
[0mGET /images/knob_bg.png [36m304 [0m0.430 ms - -[0m
[0mGET /images/gamestick.png [36m304 [0m0.346 ms - -[0m
user disconnected
a user connected
user disconnected
a user connected
[0mGET / [36m304 [0m1.457 ms - -[0m
[0mGET /stylesheets/normalize.css [36m304 [0m0.379 ms - -[0m
[0mGET /stylesheets/foundation.css [36m304 [0m0.234 ms - -[0m
[0mGET /foundation-icons/foundation-icons.css [36m304 [0m0.239 ms - -[0m
[0mGET /stylesheets/emmet.css [36m304 [0m0.220 ms - -[0m
[0mGET /javascripts/vendor/jquery.js [36m304 [0m0.256 ms - -[0m
user disconnected
[0mGET /javascripts/foundation.min.js [36m304 [0m0.245 ms - -[0m
[0mGET /javascripts/vendor/qrcode.min.js [36m304 [0m0.228 ms - -[0m
[0mGET /javascripts/vendor/raphael-min.js [36m304 [0m0.242 ms - -[0m
[0mGET /javascripts/spring.js [36m304 [0m0.228 ms - -[0m
[0mGET /javascripts/foundation.min.js [36m304 [0m0.407 ms - -[0m
[0mGET /javascripts/vendor/raphael-min.js [36m304 [0m0.412 ms - -[0m
a user connected
[0mGET /images/knob_bg.png [36m304 [0m0.334 ms - -[0m
[0mGET /images/gamestick.png [36m304 [0m0.227 ms - -[0m
user disconnected
a user connected
user disconnected
a user connected
user disconnected
a user connected
[0mGET / [36m304 [0m1.334 ms - -[0m
[0mGET /stylesheets/normalize.css [36m304 [0m0.397 ms - -[0m
[0mGET /stylesheets/foundation.css [36m304 [0m0.336 ms - -[0m
[0mGET /foundation-icons/foundation-icons.css [36m304 [0m0.237 ms - -[0m
[0mGET /stylesheets/emmet.css [36m304 [0m0.253 ms - -[0m
[0mGET /javascripts/vendor/jquery.js [36m304 [0m0.261 ms - -[0m
user disconnected
[0mGET /javascripts/foundation.min.js [36m304 [0m0.231 ms - -[0m
[0mGET /javascripts/vendor/qrcode.min.js [36m304 [0m0.270 ms - -[0m
[0mGET /javascripts/vendor/raphael-min.js [36m304 [0m0.257 ms - -[0m
[0mGET /javascripts/spring.js [36m304 [0m0.220 ms - -[0m
[0mGET /javascripts/foundation.min.js [36m304 [0m0.366 ms - -[0m
[0mGET /javascripts/vendor/raphael-min.js [36m304 [0m0.415 ms - -[0m
a user connected
[0mGET /images/knob_bg.png [36m304 [0m0.416 ms - -[0m
[0mGET /images/gamestick.png [36m304 [0m0.280 ms - -[0m
user disconnected
user disconnected
[0mGET / [32m200 [0m2.274 ms - 9428[0m
[0mOPTIONS / [32m200 [0m0.875 ms - 8[0m
[0mGET /nice%20ports%2C/Tri%6Eity.txt%2ebak [33m404 [0m2.034 ms - 935[0m
user disconnected
user disconnected
user disconnected
user disconnected
[0mGET / [36m304 [0m1.363 ms - -[0m
[0mGET /stylesheets/normalize.css [36m304 [0m0.843 ms - -[0m
[0mGET /stylesheets/foundation.css [36m304 [0m0.699 ms - -[0m
[0mGET /foundation-icons/foundation-icons.css [36m304 [0m0.517 ms - -[0m
[0mGET /stylesheets/emmet.css [36m304 [0m0.288 ms - -[0m
[0mGET /javascripts/foundation.min.js [36m304 [0m0.306 ms - -[0m
[0mGET /javascripts/vendor/qrcode.min.js [36m304 [0m0.252 ms - -[0m
[0mGET /javascripts/vendor/raphael-min.js [36m304 [0m0.412 ms - -[0m
[0mGET /javascripts/spring.js [36m304 [0m0.224 ms - -[0m
[0mGET /foundation-icons/foundation-icons.woff [36m304 [0m0.373 ms - -[0m
[0mGET /javascripts/vendor/jquery.js [36m304 [0m0.440 ms - -[0m
a user connected
[0mGET /images/gamestick.png [36m304 [0m0.754 ms - -[0m
[0mGET /images/knob_bg.png [36m304 [0m0.648 ms - -[0m
a user connected
user disconnected
user disconnected
a user connected
user disconnected
a user connected
a user connected
user disconnected
a user connected
a user connected
[0mGET / [36m304 [0m1.476 ms - -[0m
[0mGET /stylesheets/normalize.css [36m304 [0m0.445 ms - -[0m
[0mGET /stylesheets/foundation.css [36m304 [0m0.396 ms - -[0m
[0mGET /foundation-icons/foundation-icons.css [36m304 [0m0.251 ms - -[0m
[0mGET /javascripts/foundation.min.js [36m304 [0m0.433 ms - -[0m
[0mGET /javascripts/vendor/qrcode.min.js [36m304 [0m0.246 ms - -[0m
[0mGET /javascripts/vendor/raphael-min.js [36m304 [0m0.387 ms - -[0m
[0mGET /stylesheets/emmet.css [36m304 [0m0.831 ms - -[0m
[0mGET /javascripts/vendor/jquery.js [36m304 [0m0.308 ms - -[0m
[0mGET /javascripts/spring.js [36m304 [0m0.227 ms - -[0m
[0mGET /foundation-icons/foundation-icons.woff [36m304 [0m0.400 ms - -[0m
a user connected
[0mGET /images/knob_bg.png [36m304 [0m0.439 ms - -[0m
[0mGET /images/gamestick.png [36m304 [0m0.276 ms - -[0m
[0mGET /favicon.ico [33m404 [0m2.501 ms - 935[0m
[0mGET / [36m304 [0m1.419 ms - -[0m
[0mGET /stylesheets/normalize.css [36m304 [0m0.390 ms - -[0m
[0mGET /stylesheets/foundation.css [36m304 [0m0.218 ms - -[0m
[0mGET /foundation-icons/foundation-icons.css [36m304 [0m0.229 ms - -[0m
[0mGET /stylesheets/emmet.css [36m304 [0m0.228 ms - -[0m
user disconnected
[0mGET /javascripts/foundation.min.js [36m304 [0m0.442 ms - -[0m
[0mGET /javascripts/vendor/qrcode.min.js [36m304 [0m0.230 ms - -[0m
[0mGET /javascripts/vendor/raphael-min.js [36m304 [0m2.295 ms - -[0m
[0mGET /javascripts/spring.js [36m304 [0m0.255 ms - -[0m
[0mGET /javascripts/vendor/jquery.js [36m304 [0m0.442 ms - -[0m
a user connected
[0mGET /images/knob_bg.png [36m304 [0m0.408 ms - -[0m
[0mGET /images/gamestick.png [36m304 [0m0.254 ms - -[0m
user disconnected
a user connected
user disconnected
user disconnected
user disconnected
a user connected
user disconnected
a user connected
[0mGET / [36m304 [0m1.328 ms - -[0m
[0mGET /stylesheets/normalize.css [36m304 [0m0.392 ms - -[0m
[0mGET /stylesheets/foundation.css [36m304 [0m0.227 ms - -[0m
[0mGET /foundation-icons/foundation-icons.css [36m304 [0m1.299 ms - -[0m
user disconnected
[0mGET /stylesheets/emmet.css [36m304 [0m0.307 ms - -[0m
[0mGET /javascripts/vendor/jquery.js [36m304 [0m0.545 ms - -[0m
[0mGET /javascripts/foundation.min.js [36m304 [0m0.357 ms - -[0m
[0mGET /javascripts/vendor/qrcode.min.js [36m304 [0m0.233 ms - -[0m
[0mGET /javascripts/vendor/raphael-min.js [36m304 [0m0.318 ms - -[0m
a user connected
[0mGET /javascripts/spring.js [36m304 [0m0.430 ms - -[0m
[0mGET /images/knob_bg.png [36m304 [0m0.397 ms - -[0m
[0mGET /images/gamestick.png [36m304 [0m0.237 ms - -[0m
user disconnected
a user connected
user disconnected
a user connected
a user connected
user disconnected
a user connected
[0mGET / [36m304 [0m1.242 ms - -[0m
[0mGET /stylesheets/normalize.css [36m304 [0m0.428 ms - -[0m
[0mGET /stylesheets/foundation.css [36m304 [0m0.230 ms - -[0m
[0mGET /foundation-icons/foundation-icons.css [36m304 [0m0.231 ms - -[0m
[0mGET /stylesheets/emmet.css [36m304 [0m0.274 ms - -[0m
[0mGET /javascripts/vendor/jquery.js [36m304 [0m0.333 ms - -[0m
[0mGET /javascripts/foundation.min.js [36m304 [0m0.217 ms - -[0m
[0mGET /javascripts/vendor/qrcode.min.js [36m304 [0m0.279 ms - -[0m
[0mGET /javascripts/vendor/raphael-min.js [36m304 [0m0.233 ms - -[0m
[0mGET /javascripts/spring.js [36m304 [0m0.322 ms - -[0m
a user connected
[0mGET /images/knob_bg.png [36m304 [0m0.487 ms - -[0m
[0mGET /images/gamestick.png [36m304 [0m0.231 ms - -[0m
user disconnected
user disconnected
a user connected
user disconnected
user disconnected
[0mGET / [36m304 [0m1.479 ms - -[0m
[0mGET /foundation-icons/foundation-icons.css [36m304 [0m0.403 ms - -[0m
[0mGET /stylesheets/emmet.css [36m304 [0m0.263 ms - -[0m
[0mGET /javascripts/foundation.min.js [36m304 [0m0.292 ms - -[0m
[0mGET /javascripts/vendor/qrcode.min.js [36m304 [0m0.282 ms - -[0m
[0mGET /javascripts/vendor/raphael-min.js [36m304 [0m0.355 ms - -[0m
[0mGET /javascripts/spring.js [36m304 [0m0.240 ms - -[0m
user disconnected
[0mGET /javascripts/vendor/jquery.js [36m304 [0m0.537 ms - -[0m
[0mGET /stylesheets/normalize.css [36m304 [0m0.389 ms - -[0m
[0mGET /stylesheets/foundation.css [36m304 [0m0.246 ms - -[0m
a user connected
a user connected
[0mGET /images/knob_bg.png [36m304 [0m0.406 ms - -[0m
[0mGET /images/gamestick.png [36m304 [0m0.422 ms - -[0m
[0mGET / [36m304 [0m1.365 ms - -[0m
[0mGET /stylesheets/normalize.css [36m304 [0m0.402 ms - -[0m
[0mGET /stylesheets/foundation.css [36m304 [0m0.250 ms - -[0m
[0mGET /foundation-icons/foundation-icons.css [36m304 [0m0.270 ms - -[0m
[0mGET /stylesheets/emmet.css [36m304 [0m0.248 ms - -[0m
[0mGET /javascripts/vendor/jquery.js [36m304 [0m0.239 ms - -[0m
user disconnected
[0mGET /javascripts/foundation.min.js [36m304 [0m0.284 ms - -[0m
[0mGET /javascripts/vendor/qrcode.min.js [36m304 [0m0.269 ms - -[0m
[0mGET /javascripts/vendor/raphael-min.js [36m304 [0m0.226 ms - -[0m
[0mGET /javascripts/spring.js [36m304 [0m0.228 ms - -[0m
a user connected
[0mGET /images/knob_bg.png [36m304 [0m0.472 ms - -[0m
[0mGET /images/gamestick.png [36m304 [0m0.403 ms - -[0m
user disconnected
a user connected
user disconnected
a user connected
user disconnected
a user connected
a user connected
a user connected
[0mGET / [36m304 [0m1.357 ms - -[0m
[0mGET /stylesheets/normalize.css [36m304 [0m0.626 ms - -[0m
[0mGET /stylesheets/foundation.css [36m304 [0m0.380 ms - -[0m
[0mGET /foundation-icons/foundation-icons.css [36m304 [0m0.249 ms - -[0m
[0mGET /stylesheets/emmet.css [36m304 [0m0.243 ms - -[0m
[0mGET /javascripts/vendor/jquery.js [36m304 [0m0.594 ms - -[0m
[0mGET /javascripts/vendor/raphael-min.js [36m304 [0m0.431 ms - -[0m
[0mGET /foundation-icons/foundation-icons.woff [36m304 [0m0.336 ms - -[0m
[0mGET /javascripts/foundation.min.js [36m304 [0m0.408 ms - -[0m
[0mGET /javascripts/vendor/qrcode.min.js [36m304 [0m0.422 ms - -[0m
[0mGET /javascripts/spring.js [36m304 [0m0.413 ms - -[0m
[0mGET /images/knob_bg.png [36m304 [0m0.493 ms - -[0m
[0mGET /images/gamestick.png [36m304 [0m0.250 ms - -[0m
a user connected
[0mGET / [36m304 [0m1.328 ms - -[0m
[0mGET /stylesheets/normalize.css [36m304 [0m0.443 ms - -[0m
[0mGET /stylesheets/foundation.css [36m304 [0m0.242 ms - -[0m
user disconnected
[0mGET /foundation-icons/foundation-icons.css [36m304 [0m0.389 ms - -[0m
[0mGET /stylesheets/emmet.css [36m304 [0m0.227 ms - -[0m
[0mGET /javascripts/vendor/jquery.js [36m304 [0m0.393 ms - -[0m
[0mGET /javascripts/foundation.min.js [36m304 [0m0.432 ms - -[0m
[0mGET /javascripts/vendor/qrcode.min.js [36m304 [0m0.441 ms - -[0m
[0mGET /javascripts/vendor/raphael-min.js [36m304 [0m0.436 ms - -[0m
a user connected
[0mGET /javascripts/spring.js [36m304 [0m0.399 ms - -[0m
[0mGET /images/knob_bg.png [36m304 [0m0.579 ms - -[0m
[0mGET /images/gamestick.png [36m304 [0m0.273 ms - -[0m
user disconnected
a user connected
user disconnected
a user connected
user disconnected
a user connected
user disconnected
a user connected
user disconnected
user disconnected
a user connected
[0mGET / [36m304 [0m1.328 ms - -[0m
[0mGET /stylesheets/normalize.css [36m304 [0m0.382 ms - -[0m
user disconnected
[0mGET /stylesheets/foundation.css [36m304 [0m0.355 ms - -[0m
[0mGET /foundation-icons/foundation-icons.css [36m304 [0m0.334 ms - -[0m
[0mGET /stylesheets/emmet.css [36m304 [0m0.356 ms - -[0m
[0mGET /javascripts/vendor/jquery.js [36m304 [0m0.438 ms - -[0m
[0mGET /javascripts/foundation.min.js [36m304 [0m0.523 ms - -[0m
[0mGET /javascripts/vendor/qrcode.min.js [36m304 [0m0.430 ms - -[0m
[0mGET /javascripts/vendor/raphael-min.js [36m304 [0m0.534 ms - -[0m
[0mGET /javascripts/spring.js [36m304 [0m0.291 ms - -[0m
[0mGET /images/knob_bg.png [36m304 [0m1.106 ms - -[0m
[0mGET /images/gamestick.png [36m304 [0m0.260 ms - -[0m
a user connected
[0mGET / [36m304 [0m1.355 ms - -[0m
[0mGET /stylesheets/normalize.css [36m304 [0m0.409 ms - -[0m
[0mGET /stylesheets/foundation.css [36m304 [0m0.222 ms - -[0m
[0mGET /foundation-icons/foundation-icons.css [36m304 [0m0.236 ms - -[0m
user disconnected
[0mGET /stylesheets/emmet.css [36m304 [0m0.357 ms - -[0m
[0mGET /javascripts/vendor/jquery.js [36m304 [0m0.317 ms - -[0m
[0mGET /javascripts/foundation.min.js [36m304 [0m0.368 ms - -[0m
[0mGET /javascripts/vendor/qrcode.min.js [36m304 [0m0.239 ms - -[0m
[0mGET /javascripts/vendor/raphael-min.js [36m304 [0m0.245 ms - -[0m
[0mGET /javascripts/spring.js [36m304 [0m0.398 ms - -[0m
a user connected
[0mGET /images/knob_bg.png [36m304 [0m0.400 ms - -[0m
[0mGET /images/gamestick.png [36m304 [0m0.238 ms - -[0m
user disconnected
a user connected
user disconnected
a user connected
user disconnected
a user connected
user disconnected
a user connected
[0mGET / [36m304 [0m1.547 ms - -[0m
[0mGET /stylesheets/normalize.css [36m304 [0m0.418 ms - -[0m
[0mGET /stylesheets/foundation.css [36m304 [0m0.220 ms - -[0m
user disconnected
[0mGET /foundation-icons/foundation-icons.css [36m304 [0m0.365 ms - -[0m
[0mGET /stylesheets/emmet.css [36m304 [0m0.240 ms - -[0m
[0mGET /javascripts/vendor/jquery.js [36m304 [0m0.368 ms - -[0m
[0mGET /javascripts/foundation.min.js [36m304 [0m0.285 ms - -[0m
[0mGET /javascripts/vendor/qrcode.min.js [36m304 [0m0.254 ms - -[0m
[0mGET /javascripts/vendor/raphael-min.js [36m304 [0m0.397 ms - -[0m
[0mGET /javascripts/spring.js [36m304 [0m0.217 ms - -[0m
a user connected
[0mGET /images/knob_bg.png [36m304 [0m0.385 ms - -[0m
[0mGET /images/gamestick.png [36m304 [0m0.235 ms - -[0m
user disconnected
a user connected
user disconnected
a user connected
user disconnected
a user connected
user disconnected
a user connected
user disconnected
user disconnected
user disconnected
user disconnected
[0mGET / [32m200 [0m1.762 ms - 9428[0m
[0mGET /stylesheets/normalize.css [32m200 [0m1.206 ms - 7708[0m
[0mGET /stylesheets/emmet.css [32m200 [0m8.045 ms - 1851[0m
[0mGET /foundation-icons/foundation-icons.css [32m200 [0m8.008 ms - 19508[0m
[0mGET /javascripts/vendor/jquery.js [32m200 [0m5.093 ms - 84732[0m
[0mGET /javascripts/spring.js [32m200 [0m8.141 ms - 3047[0m
[0mGET /javascripts/vendor/raphael-min.js [32m200 [0m8.247 ms - 93156[0m
[0mGET /stylesheets/foundation.css [32m200 [0m0.803 ms - 200341[0m
[0mGET /javascripts/vendor/qrcode.min.js [32m200 [0m7.230 ms - 19927[0m
[0mGET /javascripts/foundation.min.js [32m200 [0m7.451 ms - 106144[0m
[0mGET /foundation-icons/foundation-icons.woff [32m200 [0m1.038 ms - 32020[0m
a user connected
[0mGET /images/gamestick.png [32m200 [0m1.222 ms - 57955[0m
[0mGET /images/knob_bg.png [32m200 [0m1.399 ms - 45271[0m
user disconnected
[0mGET / [32m200 [0m2.215 ms - 9428[0m
[0mOPTIONS / [32m200 [0m0.434 ms - 8[0m
[0mGET /nice%20ports%2C/Tri%6Eity.txt%2ebak [33m404 [0m1.669 ms - 935[0m
[0mGET / [32m200 [0m2.411 ms - 9428[0m
[0mGET /stylesheets/emmet.css [32m200 [0m0.718 ms - 1851[0m
[0mGET /stylesheets/normalize.css [32m200 [0m1.059 ms - 7708[0m
[0mGET /foundation-icons/foundation-icons.css [32m200 [0m0.754 ms - 19508[0m
[0mGET /javascripts/vendor/jquery.js [32m200 [0m0.756 ms - 84732[0m
[0mGET /javascripts/spring.js [32m200 [0m0.380 ms - 3047[0m
[0mGET /javascripts/vendor/qrcode.min.js [32m200 [0m0.407 ms - 19927[0m
[0mGET /javascripts/foundation.min.js [32m200 [0m0.795 ms - 106144[0m
[0mGET /javascripts/vendor/raphael-min.js [32m200 [0m0.465 ms - 93156[0m
[0mGET /stylesheets/foundation.css [32m200 [0m0.614 ms - 200341[0m
[0mGET / [32m200 [0m1.799 ms - 9428[0m
[0mGET / [32m200 [0m1.995 ms - 9428[0m
[0mGET /stylesheets/normalize.css [32m200 [0m0.689 ms - 7708[0m
[0mGET /foundation-icons/foundation-icons.css [32m200 [0m0.620 ms - 19508[0m
[0mGET /javascripts/vendor/qrcode.min.js [32m200 [0m0.684 ms - 19927[0m
[0mGET /javascripts/foundation.min.js [32m200 [0m0.874 ms - 106144[0m
[0mGET /stylesheets/emmet.css [32m200 [0m0.670 ms - 1851[0m
[0mGET /stylesheets/foundation.css [32m200 [0m0.699 ms - 200341[0m
[0mGET /javascripts/spring.js [32m200 [0m0.720 ms - 3047[0m
[0mGET /javascripts/vendor/raphael-min.js [32m200 [0m0.912 ms - 93156[0m
[0mGET /javascripts/vendor/jquery.js [32m200 [0m0.773 ms - 84732[0m
[0mGET /foundation-icons/foundation-icons.woff [32m200 [0m0.718 ms - 32020[0m
[0mGET /javascripts/vendor/qrcode.min.js [32m200 [0m0.901 ms - 19927[0m
[0mGET /javascripts/spring.js [32m200 [0m2.644 ms - 3047[0m
[0mGET /javascripts/vendor/jquery.js [32m200 [0m4.057 ms - 84732[0m
[0mGET /javascripts/foundation.min.js [32m200 [0m0.972 ms - 106144[0m
[0mGET /javascripts/vendor/raphael-min.js [32m200 [0m1.059 ms - 93156[0m
[0mGET / [32m200 [0m2.520 ms - 9428[0m
[0mGET /stylesheets/normalize.css [36m304 [0m0.457 ms - -[0m
[0mGET /stylesheets/emmet.css [36m304 [0m0.394 ms - -[0m
[0mGET /stylesheets/foundation.css [36m304 [0m0.456 ms - -[0m
[0mGET /javascripts/vendor/raphael-min.js [32m200 [0m1.928 ms - 93156[0m
[0mGET /javascripts/vendor/jquery.js [32m200 [0m1.509 ms - 84732[0m
[0mGET /foundation-icons/foundation-icons.css [36m304 [0m0.447 ms - -[0m
[0mGET /javascripts/spring.js [32m200 [0m0.717 ms - 3047[0m
[0mGET /foundation-icons/foundation-icons.woff [36m304 [0m0.467 ms - -[0m
a user connected
[0mGET /images/knob_bg.png [32m200 [0m0.750 ms - 45271[0m
[0mGET /images/gamestick.png [32m200 [0m0.704 ms - 57955[0m
user disconnected
[0mGET / [32m200 [0m1.745 ms - 9428[0m
[0mGET /stylesheets/normalize.css [32m200 [0m0.864 ms - 7708[0m
[0mGET /foundation-icons/foundation-icons.css [32m200 [0m0.422 ms - 19508[0m
[0mGET /stylesheets/emmet.css [32m200 [0m0.441 ms - 1851[0m
[0mGET /javascripts/foundation.min.js [32m200 [0m0.660 ms - 106144[0m
[0mGET /javascripts/vendor/jquery.js [32m200 [0m0.576 ms - 84732[0m
[0mGET /javascripts/vendor/qrcode.min.js [32m200 [0m0.616 ms - 19927[0m
[0mGET /javascripts/vendor/raphael-min.js [32m200 [0m0.394 ms - 93156[0m
[0mGET /stylesheets/foundation.css [32m200 [0m0.495 ms - 200341[0m
[0mGET /javascripts/spring.js [32m200 [0m0.614 ms - 3047[0m
[0mGET /foundation-icons/foundation-icons.woff [32m200 [0m0.834 ms - 32020[0m
a user connected
[0mGET /images/knob_bg.png [32m200 [0m0.702 ms - 45271[0m
[0mGET /images/gamestick.png [32m200 [0m0.384 ms - 57955[0m
[0mGET /favicon.ico [33m404 [0m1.446 ms - 935[0m
[0mGET / [32m200 [0m1.608 ms - 9428[0m
[0mGET /stylesheets/normalize.css [32m200 [0m0.718 ms - 7708[0m
[0mGET /javascripts/vendor/jquery.js [32m200 [0m2.956 ms - 84732[0m
[0mGET /foundation-icons/foundation-icons.css [32m200 [0m0.683 ms - 19508[0m
[0mGET /stylesheets/emmet.css [32m200 [0m0.408 ms - 1851[0m
[0mGET /javascripts/vendor/qrcode.min.js [32m200 [0m2.964 ms - 19927[0m
[0mGET /javascripts/foundation.min.js [32m200 [0m2.802 ms - 106144[0m
[0mGET /stylesheets/foundation.css [32m200 [0m0.489 ms - 200341[0m
[0mGET /javascripts/spring.js [32m200 [0m1.050 ms - 3047[0m
[0mGET /javascripts/vendor/raphael-min.js [32m200 [0m1.258 ms - 93156[0m
[0mGET /foundation-icons/foundation-icons.woff [32m200 [0m0.621 ms - 32020[0m
a user connected
[0mGET /images/knob_bg.png [32m200 [0m0.690 ms - 45271[0m
[0mGET /images/gamestick.png [32m200 [0m0.571 ms - 57955[0m
[0mGET / [32m200 [0m1.356 ms - 9428[0m
[0mGET /stylesheets/normalize.css [32m200 [0m0.782 ms - 7708[0m
[0mGET /foundation-icons/foundation-icons.css [32m200 [0m0.372 ms - 19508[0m
[0mGET /stylesheets/emmet.css [32m200 [0m0.558 ms - 1851[0m
[0mGET /javascripts/vendor/jquery.js [32m200 [0m0.516 ms - 84732[0m
[0mGET /javascripts/vendor/qrcode.min.js [32m200 [0m0.603 ms - 19927[0m
[0mGET /javascripts/vendor/raphael-min.js [32m200 [0m0.428 ms - 93156[0m
[0mGET /stylesheets/foundation.css [32m200 [0m0.661 ms - 200341[0m
[0mGET /javascripts/foundation.min.js [32m200 [0m0.717 ms - 106144[0m
[0mGET /javascripts/spring.js [32m200 [0m0.716 ms - 3047[0m
[0mGET /foundation-icons/foundation-icons.woff [32m200 [0m0.653 ms - 32020[0m
a user connected
[0mGET /images/gamestick.png [32m200 [0m0.924 ms - 57955[0m
[0mGET /images/knob_bg.png [32m200 [0m1.125 ms - 45271[0m
[0mGET /favicon.ico [33m404 [0m2.389 ms - 935[0m
[0mGET / [32m200 [0m1.291 ms - 9428[0m
[0mGET /stylesheets/normalize.css [32m200 [0m0.650 ms - 7708[0m
[0mGET /stylesheets/emmet.css [32m200 [0m2.214 ms - 1851[0m
[0mGET /javascripts/vendor/qrcode.min.js [32m200 [0m2.364 ms - 19927[0m
[0mGET /foundation-icons/foundation-icons.css [32m200 [0m1.914 ms - 19508[0m
[0mGET /javascripts/spring.js [32m200 [0m2.477 ms - 3047[0m
[0mGET /javascripts/vendor/raphael-min.js [32m200 [0m2.536 ms - 93156[0m
[0mGET /stylesheets/foundation.css [32m200 [0m1.377 ms - 200341[0m
[0mGET /foundation-icons/foundation-icons.woff [32m200 [0m0.604 ms - 32020[0m
[0mGET /javascripts/vendor/jquery.js [32m200 [0m2.503 ms - 84732[0m
[0mGET /javascripts/foundation.min.js [32m200 [0m0.685 ms - 106144[0m
a user connected
[0mGET /images/knob_bg.png [32m200 [0m1.072 ms - 45271[0m
[0mGET /images/gamestick.png [32m200 [0m1.768 ms - 57955[0m
user disconnected
user disconnected
[0mGET / [32m200 [0m1.688 ms - 9428[0m
[0mGET /stylesheets/normalize.css [32m200 [0m0.834 ms - 7708[0m
[0mGET /foundation-icons/foundation-icons.css [32m200 [0m1.156 ms - 19508[0m
[0mGET /stylesheets/emmet.css [32m200 [0m1.137 ms - 1851[0m
[0mGET /javascripts/spring.js [32m200 [0m0.348 ms - 3047[0m
[0mGET /javascripts/vendor/jquery.js [32m200 [0m0.606 ms - 84732[0m
[0mGET /javascripts/vendor/qrcode.min.js [36m304 [0m0.666 ms - -[0m
[0mGET /javascripts/foundation.min.js [36m304 [0m0.809 ms - -[0m
[0mGET /stylesheets/foundation.css [32m200 [0m0.616 ms - 200341[0m
[0mGET /javascripts/vendor/raphael-min.js [32m200 [0m0.741 ms - 93156[0m
[0mGET /foundation-icons/foundation-icons.woff [36m304 [0m0.438 ms - -[0m
a user connected
[0mGET /images/knob_bg.png [36m304 [0m0.563 ms - -[0m
[0mGET /images/gamestick.png [36m304 [0m0.361 ms - -[0m
user disconnected
user disconnected
